<?xml version="1.0" encoding="UTF-8"?>
<!-- Generated by org.testng.reporters.JUnitReportReporter -->
<testsuite hostname="LAPTOP-OHNK91LV" name="com.itc.test.LoginPageTest" tests="1" failures="0" timestamp="27 Aug 2016 16:57:05 GMT" time="0.153" errors="0">
  <testcase name="verifyLoginPage" time="0.153" classname="com.itc.test.LoginPageTest"/>
</testsuite> <!-- com.itc.test.LoginPageTest -->
