<?xml version="1.0" encoding="UTF-8"?>
<!-- Generated by org.testng.reporters.JUnitReportReporter -->
<testsuite hostname="LAPTOP-OHNK91LV" name="com.itc.test.HomePageTest" tests="2" failures="0" timestamp="27 Aug 2016 16:57:05 GMT" time="8.379" errors="0">
  <testcase name="verifyHomePage" time="8.360" classname="com.itc.test.HomePageTest"/>
  <testcase name="verifySiteLogoPage" time="0.019" classname="com.itc.test.HomePageTest"/>
</testsuite> <!-- com.itc.test.HomePageTest -->
